2025-05-02 14:06:11 - INFO - Checking for leader...
2025-05-02 14:06:16 - INFO - Leader found: 127.0.0.1:50000
2025-05-02 14:06:16 - INFO - Info came from: 127.0.0.1:50000
2025-05-02 14:07:19 - INFO - Size of response: 80
2025-05-02 14:07:23 - INFO - Size of response: 80
2025-05-02 14:07:24 - ERROR - Error receiving response: <_MultiThreadedRendezvous of RPC that terminated with:
	status = StatusCode.CANCELLED
	details = "Locally cancelled by application!"
	debug_error_string = "None"
>
2025-05-02 14:07:25 - INFO - Size of response: 80
2025-05-02 14:07:31 - INFO - Deleting Account: kenny
2025-05-02 14:07:32 - INFO - Deleting Account: kenny
2025-05-02 14:07:32 - INFO - Deleting Account: kenny
2025-05-02 14:07:32 - INFO - Deleting Account: kenny
2025-05-02 14:11:53 - INFO - Checking for leader...
2025-05-02 14:11:58 - INFO - Leader found: 127.0.0.1:50000
2025-05-02 14:11:58 - INFO - Info came from: 127.0.0.1:50000
2025-05-02 14:12:07 - INFO - Size of response: 80
2025-05-02 14:12:11 - INFO - Size of response: 80
2025-05-02 14:12:13 - ERROR - Error receiving response: <_MultiThreadedRendezvous of RPC that terminated with:
	status = StatusCode.CANCELLED
	details = "Locally cancelled by application!"
	debug_error_string = "None"
>
2025-05-02 14:12:14 - INFO - Size of response: 80
2025-05-02 14:14:03 - INFO - Checking for leader...
2025-05-02 14:14:08 - INFO - Leader found: 127.0.0.1:50000
2025-05-02 14:14:08 - INFO - Info came from: 127.0.0.1:50000
2025-05-02 14:14:11 - INFO - Size of response: 80
2025-05-02 14:14:14 - INFO - Size of response: 80
2025-05-02 14:14:15 - ERROR - Error receiving response: <_MultiThreadedRendezvous of RPC that terminated with:
	status = StatusCode.CANCELLED
	details = "Locally cancelled by application!"
	debug_error_string = "None"
>
2025-05-02 14:14:16 - INFO - Size of response: 80
2025-05-02 14:14:17 - ERROR - Error receiving response: <_MultiThreadedRendezvous of RPC that terminated with:
	status = StatusCode.CANCELLED
	details = "Locally cancelled by application!"
	debug_error_string = "None"
>
2025-05-02 14:14:17 - INFO - Checking for leader...
2025-05-02 14:14:22 - INFO - Leader found: 127.0.0.1:50000
2025-05-02 14:14:22 - INFO - Info came from: 127.0.0.1:50000
2025-05-02 14:14:39 - INFO - Deleting Account: kenny
2025-05-02 14:14:39 - INFO - Size of response: 80
2025-05-02 14:17:10 - INFO - Checking for leader...
2025-05-02 14:17:15 - INFO - Leader found: 127.0.0.1:50001
2025-05-02 14:17:15 - INFO - Info came from: 127.0.0.1:50000
2025-05-02 14:17:19 - INFO - Size of response: 80
2025-05-02 14:17:22 - INFO - Size of response: 80
2025-05-02 14:17:26 - ERROR - Error receiving response: <_MultiThreadedRendezvous of RPC that terminated with:
	status = StatusCode.CANCELLED
	details = "Locally cancelled by application!"
	debug_error_string = "None"
>
2025-05-02 14:17:27 - INFO - Size of response: 80
2025-05-02 14:17:29 - ERROR - Error receiving response: <_MultiThreadedRendezvous of RPC that terminated with:
	status = StatusCode.CANCELLED
	details = "Locally cancelled by application!"
	debug_error_string = "None"
>
2025-05-02 14:17:29 - INFO - Checking for leader...
2025-05-02 14:17:34 - INFO - Leader found: 127.0.0.1:50001
2025-05-02 14:17:34 - INFO - Info came from: 127.0.0.1:50000
2025-05-02 14:17:42 - ERROR - Error receiving response: <_MultiThreadedRendezvous of RPC that terminated with:
	status = StatusCode.CANCELLED
	details = "Locally cancelled by application!"
	debug_error_string = "None"
>
2025-05-02 14:17:46 - INFO - Size of response: 80
2025-05-02 14:17:49 - ERROR - Error receiving response: <_MultiThreadedRendezvous of RPC that terminated with:
	status = StatusCode.CANCELLED
	details = "Locally cancelled by application!"
	debug_error_string = "None"
>
2025-05-02 14:17:49 - INFO - Checking for leader...
2025-05-02 14:17:54 - INFO - Leader found: 127.0.0.1:50001
2025-05-02 14:17:54 - INFO - Info came from: 127.0.0.1:50000
2025-05-02 14:17:59 - ERROR - Error receiving response: <_MultiThreadedRendezvous of RPC that terminated with:
	status = StatusCode.CANCELLED
	details = "Locally cancelled by application!"
	debug_error_string = "None"
>
2025-05-02 14:18:05 - INFO - Size of response: 80
2025-05-02 14:22:21 - INFO - Checking for leader...
2025-05-02 14:22:26 - INFO - Leader found: 127.0.0.1:50000
2025-05-02 14:22:26 - INFO - Info came from: 127.0.0.1:50000
2025-05-02 14:22:29 - INFO - Size of response: 80
2025-05-02 14:22:34 - INFO - Size of response: 80
2025-05-02 14:22:35 - ERROR - Error receiving response: <_MultiThreadedRendezvous of RPC that terminated with:
	status = StatusCode.CANCELLED
	details = "Locally cancelled by application!"
	debug_error_string = "None"
>
2025-05-02 14:22:36 - INFO - Size of response: 80
2025-05-02 14:23:17 - ERROR - Error receiving response: <_MultiThreadedRendezvous of RPC that terminated with:
	status = StatusCode.CANCELLED
	details = "Locally cancelled by application!"
	debug_error_string = "None"
>
2025-05-02 14:23:17 - INFO - Checking for leader...
2025-05-02 14:23:22 - INFO - Leader found: 127.0.0.1:50000
2025-05-02 14:23:22 - INFO - Info came from: 127.0.0.1:50000
2025-05-02 14:23:59 - INFO - Checking for leader...
2025-05-02 14:24:04 - INFO - Leader found: 127.0.0.1:50000
2025-05-02 14:24:04 - INFO - Info came from: 127.0.0.1:50000
2025-05-02 14:24:08 - INFO - Size of response: 80
2025-05-02 14:24:10 - INFO - Size of response: 80
2025-05-02 14:24:13 - ERROR - Error receiving response: <_MultiThreadedRendezvous of RPC that terminated with:
	status = StatusCode.CANCELLED
	details = "Locally cancelled by application!"
	debug_error_string = "None"
>
2025-05-02 14:24:14 - INFO - Size of response: 80
2025-05-02 14:24:17 - ERROR - Error receiving response: <_MultiThreadedRendezvous of RPC that terminated with:
	status = StatusCode.CANCELLED
	details = "Locally cancelled by application!"
	debug_error_string = "None"
>
2025-05-02 14:24:17 - INFO - Checking for leader...
2025-05-02 14:24:22 - INFO - Leader found: 127.0.0.1:50000
2025-05-02 14:24:22 - INFO - Info came from: 127.0.0.1:50000
2025-05-02 14:25:50 - INFO - Checking for leader...
2025-05-02 14:25:55 - INFO - Leader found: 127.0.0.1:50000
2025-05-02 14:25:55 - INFO - Info came from: 127.0.0.1:50000
2025-05-02 14:25:58 - INFO - Size of response: 80
2025-05-02 14:26:02 - INFO - Size of response: 80
2025-05-02 14:26:03 - ERROR - Error receiving response: <_MultiThreadedRendezvous of RPC that terminated with:
	status = StatusCode.CANCELLED
	details = "Locally cancelled by application!"
	debug_error_string = "None"
>
2025-05-02 14:26:04 - INFO - Size of response: 80
2025-05-02 14:26:06 - ERROR - Error receiving response: <_MultiThreadedRendezvous of RPC that terminated with:
	status = StatusCode.CANCELLED
	details = "Locally cancelled by application!"
	debug_error_string = "None"
>
2025-05-02 14:26:06 - INFO - Checking for leader...
2025-05-02 14:26:11 - INFO - Leader found: 127.0.0.1:50000
2025-05-02 14:26:11 - INFO - Info came from: 127.0.0.1:50000
2025-05-02 14:26:13 - ERROR - Error receiving response: <_MultiThreadedRendezvous of RPC that terminated with:
	status = StatusCode.CANCELLED
	details = "Locally cancelled by application!"
	debug_error_string = "None"
>
2025-05-02 14:26:17 - INFO - Size of response: 80
2025-05-02 14:26:20 - ERROR - Error receiving response: <_MultiThreadedRendezvous of RPC that terminated with:
	status = StatusCode.CANCELLED
	details = "Locally cancelled by application!"
	debug_error_string = "None"
>
2025-05-02 14:26:20 - INFO - Checking for leader...
2025-05-02 14:26:25 - INFO - Leader found: 127.0.0.1:50000
2025-05-02 14:26:25 - INFO - Info came from: 127.0.0.1:50000
2025-05-02 14:26:28 - ERROR - Error receiving response: <_MultiThreadedRendezvous of RPC that terminated with:
	status = StatusCode.CANCELLED
	details = "Locally cancelled by application!"
	debug_error_string = "None"
>
2025-05-02 14:26:32 - INFO - Size of response: 80
2025-05-02 14:26:34 - ERROR - Error receiving response: <_MultiThreadedRendezvous of RPC that terminated with:
	status = StatusCode.CANCELLED
	details = "Locally cancelled by application!"
	debug_error_string = "None"
>
2025-05-02 14:26:34 - INFO - Checking for leader...
2025-05-02 14:26:39 - INFO - Leader found: 127.0.0.1:50000
2025-05-02 14:26:39 - INFO - Info came from: 127.0.0.1:50000
2025-05-02 14:27:44 - INFO - Checking for leader...
2025-05-02 14:27:49 - INFO - Leader found: 127.0.0.1:50001
2025-05-02 14:27:49 - INFO - Info came from: 127.0.0.1:50000
2025-05-02 14:27:52 - INFO - Size of response: 80
2025-05-02 14:27:55 - INFO - Size of response: 80
2025-05-02 14:27:58 - ERROR - Error receiving response: <_MultiThreadedRendezvous of RPC that terminated with:
	status = StatusCode.CANCELLED
	details = "Locally cancelled by application!"
	debug_error_string = "None"
>
2025-05-02 14:27:59 - INFO - Size of response: 80
2025-05-02 14:27:59 - INFO - Size of response: 80
2025-05-02 14:28:01 - ERROR - Error receiving response: <_MultiThreadedRendezvous of RPC that terminated with:
	status = StatusCode.CANCELLED
	details = "Locally cancelled by application!"
	debug_error_string = "None"
>
2025-05-02 14:28:01 - INFO - Checking for leader...
2025-05-02 14:28:06 - INFO - Leader found: 127.0.0.1:50001
2025-05-02 14:28:06 - INFO - Info came from: 127.0.0.1:50000
2025-05-02 14:28:10 - ERROR - Error receiving response: <_MultiThreadedRendezvous of RPC that terminated with:
	status = StatusCode.CANCELLED
	details = "Locally cancelled by application!"
	debug_error_string = "None"
>
2025-05-02 14:28:11 - INFO - Size of response: 80
2025-05-02 14:28:12 - ERROR - Error receiving response: <_MultiThreadedRendezvous of RPC that terminated with:
	status = StatusCode.CANCELLED
	details = "Locally cancelled by application!"
	debug_error_string = "None"
>
2025-05-02 14:28:12 - INFO - Checking for leader...
2025-05-02 14:28:17 - INFO - Leader found: 127.0.0.1:50001
2025-05-02 14:28:17 - INFO - Info came from: 127.0.0.1:50000
2025-05-02 16:37:02 - INFO - Checking for leader...
2025-05-02 16:37:07 - INFO - Leader found: 127.0.0.1:50000
2025-05-02 16:37:07 - INFO - Info came from: 127.0.0.1:50000
2025-05-02 16:37:14 - INFO - Size of response: 80
2025-05-02 16:37:17 - INFO - Size of response: 80
2025-05-02 16:37:19 - ERROR - Error receiving response: <_MultiThreadedRendezvous of RPC that terminated with:
	status = StatusCode.CANCELLED
	details = "Locally cancelled by application!"
	debug_error_string = "None"
>
2025-05-02 16:37:19 - ERROR - Error receiving response: <_MultiThreadedRendezvous of RPC that terminated with:
	status = StatusCode.UNAVAILABLE
	details = "failed to connect to all addresses; last error: UNKNOWN: ipv4:127.0.0.1:60000: Failed to connect to remote host: connect: Connection refused (61)"
	debug_error_string = "UNKNOWN:Error received from peer  {created_time:"2025-05-02T16:37:19.194266-04:00", grpc_status:14, grpc_message:"failed to connect to all addresses; last error: UNKNOWN: ipv4:127.0.0.1:60000: Failed to connect to remote host: connect: Connection refused (61)"}"
>
2025-05-02 16:37:21 - ERROR - Error receiving response: <_MultiThreadedRendezvous of RPC that terminated with:
	status = StatusCode.UNAVAILABLE
	details = "failed to connect to all addresses; last error: UNKNOWN: ipv4:127.0.0.1:60000: Failed to connect to remote host: connect: Connection refused (61)"
	debug_error_string = "UNKNOWN:Error received from peer  {grpc_message:"failed to connect to all addresses; last error: UNKNOWN: ipv4:127.0.0.1:60000: Failed to connect to remote host: connect: Connection refused (61)", grpc_status:14, created_time:"2025-05-02T16:37:21.581067-04:00"}"
>
2025-05-02 16:37:22 - ERROR - Error receiving response: <_MultiThreadedRendezvous of RPC that terminated with:
	status = StatusCode.UNAVAILABLE
	details = "failed to connect to all addresses; last error: UNKNOWN: ipv4:127.0.0.1:60000: Failed to connect to remote host: connect: Connection refused (61)"
	debug_error_string = "UNKNOWN:Error received from peer  {grpc_message:"failed to connect to all addresses; last error: UNKNOWN: ipv4:127.0.0.1:60000: Failed to connect to remote host: connect: Connection refused (61)", grpc_status:14, created_time:"2025-05-02T16:37:22.589779-04:00"}"
>
2025-05-02 16:37:23 - ERROR - Error receiving response: <_MultiThreadedRendezvous of RPC that terminated with:
	status = StatusCode.UNAVAILABLE
	details = "failed to connect to all addresses; last error: UNKNOWN: ipv4:127.0.0.1:60000: Failed to connect to remote host: connect: Connection refused (61)"
	debug_error_string = "UNKNOWN:Error received from peer  {created_time:"2025-05-02T16:37:23.595255-04:00", grpc_status:14, grpc_message:"failed to connect to all addresses; last error: UNKNOWN: ipv4:127.0.0.1:60000: Failed to connect to remote host: connect: Connection refused (61)"}"
>
2025-05-02 16:37:24 - ERROR - Error receiving response: <_MultiThreadedRendezvous of RPC that terminated with:
	status = StatusCode.UNAVAILABLE
	details = "failed to connect to all addresses; last error: UNKNOWN: ipv4:127.0.0.1:60000: Failed to connect to remote host: connect: Connection refused (61)"
	debug_error_string = "UNKNOWN:Error received from peer  {created_time:"2025-05-02T16:37:24.950699-04:00", grpc_status:14, grpc_message:"failed to connect to all addresses; last error: UNKNOWN: ipv4:127.0.0.1:60000: Failed to connect to remote host: connect: Connection refused (61)"}"
>
2025-05-02 16:38:11 - INFO - Checking for leader...
2025-05-02 16:38:16 - INFO - Leader found: 127.0.0.1:50000
2025-05-02 16:38:16 - INFO - Info came from: 127.0.0.1:50000
2025-05-02 16:38:20 - INFO - Size of response: 80
2025-05-02 16:38:23 - INFO - Size of response: 80
2025-05-02 16:38:24 - ERROR - Error receiving response: <_MultiThreadedRendezvous of RPC that terminated with:
	status = StatusCode.CANCELLED
	details = "Locally cancelled by application!"
	debug_error_string = "None"
>
2025-05-02 16:38:25 - INFO - Size of response: 80
2025-05-02 16:38:33 - ERROR - Error receiving response: <_MultiThreadedRendezvous of RPC that terminated with:
	status = StatusCode.CANCELLED
	details = "Locally cancelled by application!"
	debug_error_string = "None"
>
2025-05-02 16:38:33 - INFO - Checking for leader...
2025-05-02 16:38:38 - INFO - Leader found: 127.0.0.1:50000
2025-05-02 16:38:38 - INFO - Info came from: 127.0.0.1:50000
2025-05-02 17:06:53 - INFO - Checking for leader...
2025-05-02 17:06:58 - INFO - Leader found: 127.0.0.1:50000
2025-05-02 17:06:58 - INFO - Info came from: 127.0.0.1:50000
2025-05-02 17:07:05 - INFO - Size of response: 80
2025-05-02 17:07:08 - INFO - Size of response: 80
2025-05-02 17:07:09 - ERROR - Error receiving response: <_MultiThreadedRendezvous of RPC that terminated with:
	status = StatusCode.CANCELLED
	details = "Locally cancelled by application!"
	debug_error_string = "None"
>
2025-05-02 17:07:10 - INFO - Size of response: 80
2025-05-02 17:07:17 - ERROR - Error receiving response: <_MultiThreadedRendezvous of RPC that terminated with:
	status = StatusCode.CANCELLED
	details = "Locally cancelled by application!"
	debug_error_string = "None"
>
2025-05-02 17:07:17 - INFO - Checking for leader...
2025-05-02 17:07:22 - INFO - Leader found: 127.0.0.1:50000
2025-05-02 17:07:22 - INFO - Info came from: 127.0.0.1:50000
2025-05-02 17:10:15 - INFO - Checking for leader...
2025-05-02 17:10:20 - INFO - Leader found: 127.0.0.1:50001
2025-05-02 17:10:20 - INFO - Info came from: 127.0.0.1:50000
2025-05-02 17:10:26 - INFO - Size of response: 80
2025-05-02 17:10:29 - INFO - Size of response: 80
2025-05-02 17:10:29 - ERROR - Error receiving response: <_MultiThreadedRendezvous of RPC that terminated with:
	status = StatusCode.CANCELLED
	details = "Locally cancelled by application!"
	debug_error_string = "None"
>
2025-05-02 17:10:30 - INFO - Size of response: 80
2025-05-02 17:10:44 - INFO - Checking for leader...
2025-05-02 17:10:49 - INFO - Leader found: 127.0.0.1:50001
2025-05-02 17:10:49 - INFO - Info came from: 127.0.0.1:50000
2025-05-02 17:10:56 - INFO - Size of response: 80
2025-05-02 17:10:59 - INFO - Size of response: 80
2025-05-02 17:10:59 - ERROR - Error receiving response: <_MultiThreadedRendezvous of RPC that terminated with:
	status = StatusCode.CANCELLED
	details = "Locally cancelled by application!"
	debug_error_string = "None"
>
2025-05-02 17:11:00 - INFO - Size of response: 80
2025-05-02 17:15:40 - INFO - Checking for leader...
2025-05-02 17:15:42 - INFO - Checking for leader...
2025-05-02 17:15:45 - INFO - Leader found: 127.0.0.1:50001
2025-05-02 17:15:45 - INFO - Info came from: 127.0.0.1:50000
2025-05-02 17:15:47 - INFO - Leader found: 127.0.0.1:50001
2025-05-02 17:15:47 - INFO - Info came from: 127.0.0.1:50000
2025-05-02 17:16:00 - INFO - Size of response: 80
2025-05-02 17:16:02 - INFO - Size of response: 80
2025-05-02 17:16:04 - ERROR - Error receiving response: <_MultiThreadedRendezvous of RPC that terminated with:
	status = StatusCode.CANCELLED
	details = "Locally cancelled by application!"
	debug_error_string = "None"
>
2025-05-02 17:16:05 - INFO - Size of response: 80
2025-05-02 17:16:07 - INFO - Size of response: 80
2025-05-02 17:16:10 - INFO - Size of response: 80
2025-05-02 17:16:13 - ERROR - Error receiving response: <_MultiThreadedRendezvous of RPC that terminated with:
	status = StatusCode.CANCELLED
	details = "Locally cancelled by application!"
	debug_error_string = "None"
>
2025-05-02 17:16:14 - INFO - Size of response: 80
2025-05-02 17:17:16 - ERROR - Error receiving response: <_MultiThreadedRendezvous of RPC that terminated with:
	status = StatusCode.UNAVAILABLE
	details = "Cancelling all calls"
	debug_error_string = "UNKNOWN:Error received from peer ipv6:%5B::1%5D:60000 {grpc_message:"Cancelling all calls", grpc_status:14, created_time:"2025-05-02T17:17:16.900727-04:00"}"
>
2025-05-02 17:17:16 - ERROR - Error receiving response: <_MultiThreadedRendezvous of RPC that terminated with:
	status = StatusCode.UNAVAILABLE
	details = "Cancelling all calls"
	debug_error_string = "UNKNOWN:Error received from peer ipv6:%5B::1%5D:60000 {created_time:"2025-05-02T17:17:16.900732-04:00", grpc_status:14, grpc_message:"Cancelling all calls"}"
>
2025-05-02 17:17:25 - INFO - Checking for leader...
2025-05-02 17:17:26 - INFO - Checking for leader...
2025-05-02 17:17:30 - INFO - Leader found: 127.0.0.1:50000
2025-05-02 17:17:30 - INFO - Info came from: 127.0.0.1:50000
2025-05-02 17:17:31 - INFO - Leader found: 127.0.0.1:50000
2025-05-02 17:17:31 - INFO - Info came from: 127.0.0.1:50000
2025-05-02 17:17:40 - INFO - Size of response: 80
2025-05-02 17:17:45 - INFO - Size of response: 80
2025-05-02 17:17:46 - ERROR - Error receiving response: <_MultiThreadedRendezvous of RPC that terminated with:
	status = StatusCode.CANCELLED
	details = "Locally cancelled by application!"
	debug_error_string = "None"
>
2025-05-02 17:17:47 - INFO - Size of response: 80
2025-05-02 17:17:47 - INFO - Size of response: 80
2025-05-02 17:17:48 - INFO - Size of response: 80
2025-05-02 17:17:52 - INFO - Size of response: 80
2025-05-02 17:17:53 - ERROR - Error receiving response: <_MultiThreadedRendezvous of RPC that terminated with:
	status = StatusCode.CANCELLED
	details = "Locally cancelled by application!"
	debug_error_string = "None"
>
2025-05-02 17:17:54 - INFO - Size of response: 80
2025-05-02 17:17:54 - INFO - Size of response: 80
2025-05-02 17:17:54 - INFO - Size of response: 80
2025-05-02 17:18:54 - INFO - Checking for leader...
2025-05-02 17:18:55 - INFO - Checking for leader...
2025-05-02 17:18:59 - INFO - Leader found: 127.0.0.1:50000
2025-05-02 17:18:59 - INFO - Info came from: 127.0.0.1:50000
2025-05-02 17:19:00 - INFO - Leader found: 127.0.0.1:50000
2025-05-02 17:19:00 - INFO - Info came from: 127.0.0.1:50000
2025-05-02 17:19:12 - INFO - Size of response: 80
2025-05-02 17:19:14 - INFO - Size of response: 80
2025-05-02 17:19:15 - ERROR - Error receiving response: <_MultiThreadedRendezvous of RPC that terminated with:
	status = StatusCode.CANCELLED
	details = "Locally cancelled by application!"
	debug_error_string = "None"
>
2025-05-02 17:19:16 - INFO - Size of response: 80
2025-05-02 17:19:16 - INFO - Size of response: 80
2025-05-02 17:19:19 - INFO - Size of response: 80
2025-05-02 17:19:21 - INFO - Size of response: 80
2025-05-02 17:19:22 - ERROR - Error receiving response: <_MultiThreadedRendezvous of RPC that terminated with:
	status = StatusCode.CANCELLED
	details = "Locally cancelled by application!"
	debug_error_string = "None"
>
2025-05-02 17:19:23 - INFO - Size of response: 80
2025-05-02 17:19:23 - INFO - Size of response: 80
2025-05-02 17:19:23 - INFO - Size of response: 80
2025-05-02 17:20:29 - ERROR - Error receiving response: <_MultiThreadedRendezvous of RPC that terminated with:
	status = StatusCode.UNAVAILABLE
	details = "Cancelling all calls"
	debug_error_string = "UNKNOWN:Error received from peer ipv6:%5B::1%5D:60000 {created_time:"2025-05-02T17:20:29.020398-04:00", grpc_status:14, grpc_message:"Cancelling all calls"}"
>
2025-05-02 17:20:39 - INFO - Checking for leader...
2025-05-02 17:20:40 - INFO - Checking for leader...
2025-05-02 17:20:44 - INFO - Leader found: 127.0.0.1:50000
2025-05-02 17:20:44 - INFO - Info came from: 127.0.0.1:50000
2025-05-02 17:20:45 - INFO - Leader found: 127.0.0.1:50000
2025-05-02 17:20:45 - INFO - Info came from: 127.0.0.1:50000
2025-05-02 17:20:57 - INFO - Size of response: 80
2025-05-02 17:21:00 - INFO - Size of response: 80
2025-05-02 17:21:01 - ERROR - Error receiving response: <_MultiThreadedRendezvous of RPC that terminated with:
	status = StatusCode.CANCELLED
	details = "Locally cancelled by application!"
	debug_error_string = "None"
>
2025-05-02 17:21:02 - INFO - Size of response: 80
2025-05-02 17:21:02 - INFO - Size of response: 80
2025-05-02 17:21:04 - INFO - Size of response: 80
2025-05-02 17:21:11 - INFO - Size of response: 80
2025-05-02 17:21:11 - ERROR - Error receiving response: <_MultiThreadedRendezvous of RPC that terminated with:
	status = StatusCode.CANCELLED
	details = "Locally cancelled by application!"
	debug_error_string = "None"
>
2025-05-02 17:21:12 - INFO - Size of response: 80
2025-05-02 17:21:12 - INFO - Size of response: 80
2025-05-02 17:21:12 - INFO - Size of response: 80
2025-05-02 17:23:41 - INFO - Checking for leader...
2025-05-02 17:23:43 - INFO - Checking for leader...
2025-05-02 17:23:46 - INFO - Leader found: 127.0.0.1:50000
2025-05-02 17:23:46 - INFO - Info came from: 127.0.0.1:50000
2025-05-02 17:23:48 - INFO - Leader found: 127.0.0.1:50000
2025-05-02 17:23:48 - INFO - Info came from: 127.0.0.1:50000
2025-05-02 17:23:52 - INFO - Size of response: 80
2025-05-02 17:23:55 - INFO - Size of response: 80
2025-05-02 17:23:57 - INFO - Size of response: 80
2025-05-02 17:24:00 - INFO - Size of response: 80
2025-05-02 17:24:01 - ERROR - Error receiving response: <_MultiThreadedRendezvous of RPC that terminated with:
	status = StatusCode.CANCELLED
	details = "Locally cancelled by application!"
	debug_error_string = "None"
>
2025-05-02 17:24:02 - INFO - Size of response: 80
2025-05-02 17:24:02 - INFO - Size of response: 80
2025-05-02 17:24:04 - ERROR - Error receiving response: <_MultiThreadedRendezvous of RPC that terminated with:
	status = StatusCode.CANCELLED
	details = "Locally cancelled by application!"
	debug_error_string = "None"
>
2025-05-02 17:24:05 - INFO - Size of response: 80
2025-05-02 17:24:05 - INFO - Size of response: 80
2025-05-02 17:24:05 - INFO - Size of response: 80
2025-05-02 17:24:29 - INFO - Checking for leader...
2025-05-02 17:24:30 - INFO - Checking for leader...
2025-05-02 17:24:34 - INFO - Leader found: 127.0.0.1:50000
2025-05-02 17:24:34 - INFO - Info came from: 127.0.0.1:50000
2025-05-02 17:24:35 - INFO - Leader found: 127.0.0.1:50000
2025-05-02 17:24:35 - INFO - Info came from: 127.0.0.1:50000
2025-05-02 17:24:40 - INFO - Size of response: 80
2025-05-02 17:24:43 - INFO - Size of response: 80
2025-05-02 17:24:44 - ERROR - Error receiving response: <_MultiThreadedRendezvous of RPC that terminated with:
	status = StatusCode.CANCELLED
	details = "Locally cancelled by application!"
	debug_error_string = "None"
>
2025-05-02 17:24:45 - INFO - Size of response: 80
2025-05-02 17:24:45 - INFO - Size of response: 80
2025-05-02 17:24:47 - INFO - Size of response: 80
2025-05-02 17:24:50 - INFO - Size of response: 80
2025-05-02 17:24:51 - ERROR - Error receiving response: <_MultiThreadedRendezvous of RPC that terminated with:
	status = StatusCode.CANCELLED
	details = "Locally cancelled by application!"
	debug_error_string = "None"
>
2025-05-02 17:24:52 - INFO - Size of response: 80
2025-05-02 17:24:52 - INFO - Size of response: 80
2025-05-02 17:24:52 - INFO - Size of response: 80
2025-05-02 17:26:04 - INFO - Checking for leader...
2025-05-02 17:26:05 - INFO - Checking for leader...
2025-05-02 17:26:09 - INFO - Leader found: 127.0.0.1:50000
2025-05-02 17:26:09 - INFO - Info came from: 127.0.0.1:50000
2025-05-02 17:26:10 - INFO - Leader found: 127.0.0.1:50000
2025-05-02 17:26:10 - INFO - Info came from: 127.0.0.1:50000
2025-05-02 17:26:14 - INFO - Size of response: 80
2025-05-02 17:26:17 - INFO - Size of response: 80
2025-05-02 17:26:17 - ERROR - Error receiving response: <_MultiThreadedRendezvous of RPC that terminated with:
	status = StatusCode.CANCELLED
	details = "Locally cancelled by application!"
	debug_error_string = "None"
>
2025-05-02 17:26:18 - INFO - Size of response: 80
2025-05-02 17:26:18 - INFO - Size of response: 80
2025-05-02 17:26:20 - INFO - Size of response: 80
2025-05-02 17:26:23 - INFO - Size of response: 80
2025-05-02 17:26:24 - ERROR - Error receiving response: <_MultiThreadedRendezvous of RPC that terminated with:
	status = StatusCode.CANCELLED
	details = "Locally cancelled by application!"
	debug_error_string = "None"
>
2025-05-02 17:26:25 - INFO - Size of response: 80
2025-05-02 17:26:25 - INFO - Size of response: 80
2025-05-02 17:26:25 - INFO - Size of response: 80
2025-05-02 17:33:30 - INFO - Checking for leader...
2025-05-02 17:33:35 - INFO - Leader found: 127.0.0.1:50000
2025-05-02 17:33:35 - INFO - Info came from: 127.0.0.1:50000
2025-05-02 17:33:56 - INFO - Checking for leader...
2025-05-02 17:34:00 - INFO - Size of response: 80
2025-05-02 17:34:01 - INFO - Leader found: 127.0.0.1:50000
2025-05-02 17:34:01 - INFO - Info came from: 127.0.0.1:50000
2025-05-02 17:34:03 - INFO - Size of response: 80
2025-05-02 17:34:04 - ERROR - Error receiving response: <_MultiThreadedRendezvous of RPC that terminated with:
	status = StatusCode.CANCELLED
	details = "Locally cancelled by application!"
	debug_error_string = "None"
>
2025-05-02 17:34:05 - INFO - Size of response: 80
2025-05-02 17:34:05 - INFO - Size of response: 80
2025-05-02 17:34:08 - INFO - Size of response: 80
2025-05-02 17:34:11 - INFO - Size of response: 80
2025-05-02 17:34:12 - ERROR - Error receiving response: <_MultiThreadedRendezvous of RPC that terminated with:
	status = StatusCode.CANCELLED
	details = "Locally cancelled by application!"
	debug_error_string = "None"
>
2025-05-02 17:34:13 - INFO - Size of response: 80
2025-05-02 17:34:13 - INFO - Size of response: 80
2025-05-02 17:34:13 - INFO - Size of response: 80
2025-05-02 17:34:48 - INFO - Size of response: 80
2025-05-02 17:34:50 - INFO - Checking for leader...
2025-05-02 17:34:51 - INFO - Checking for leader...
2025-05-02 17:34:55 - INFO - Leader found: 127.0.0.1:50000
2025-05-02 17:34:55 - INFO - Info came from: 127.0.0.1:50000
2025-05-02 17:34:56 - INFO - Leader found: 127.0.0.1:50000
2025-05-02 17:34:56 - INFO - Info came from: 127.0.0.1:50000
2025-05-02 17:35:03 - INFO - Size of response: 80
2025-05-02 17:35:06 - INFO - Size of response: 80
2025-05-02 17:35:06 - ERROR - Error receiving response: <_MultiThreadedRendezvous of RPC that terminated with:
	status = StatusCode.CANCELLED
	details = "Locally cancelled by application!"
	debug_error_string = "None"
>
2025-05-02 17:35:07 - INFO - Size of response: 80
2025-05-02 17:35:07 - INFO - Size of response: 80
2025-05-02 17:35:09 - INFO - Size of response: 80
2025-05-02 17:35:12 - INFO - Size of response: 80
2025-05-02 17:35:13 - ERROR - Error receiving response: <_MultiThreadedRendezvous of RPC that terminated with:
	status = StatusCode.CANCELLED
	details = "Locally cancelled by application!"
	debug_error_string = "None"
>
2025-05-02 17:35:14 - INFO - Size of response: 80
2025-05-02 17:35:14 - INFO - Size of response: 80
2025-05-02 17:35:14 - INFO - Size of response: 80
2025-05-02 17:35:16 - INFO - Size of response: 80
2025-05-02 17:35:54 - INFO - Checking for leader...
2025-05-02 17:35:55 - INFO - Checking for leader...
2025-05-02 17:35:59 - INFO - Leader found: 127.0.0.1:50001
2025-05-02 17:35:59 - INFO - Info came from: 127.0.0.1:50000
2025-05-02 17:36:00 - INFO - Leader found: 127.0.0.1:50001
2025-05-02 17:36:00 - INFO - Info came from: 127.0.0.1:50000
2025-05-02 17:36:04 - INFO - Size of response: 80
2025-05-02 17:36:08 - INFO - Size of response: 80
2025-05-02 17:36:08 - ERROR - Error receiving response: <_MultiThreadedRendezvous of RPC that terminated with:
	status = StatusCode.CANCELLED
	details = "Locally cancelled by application!"
	debug_error_string = "None"
>
2025-05-02 17:36:09 - INFO - Size of response: 80
2025-05-02 17:36:09 - INFO - Size of response: 80
2025-05-02 17:36:12 - INFO - Size of response: 80
2025-05-02 17:36:15 - INFO - Size of response: 80
2025-05-02 17:36:16 - ERROR - Error receiving response: <_MultiThreadedRendezvous of RPC that terminated with:
	status = StatusCode.CANCELLED
	details = "Locally cancelled by application!"
	debug_error_string = "None"
>
2025-05-02 17:36:17 - INFO - Size of response: 80
2025-05-02 17:36:17 - INFO - Size of response: 80
2025-05-02 17:36:17 - INFO - Size of response: 80
2025-05-02 17:36:18 - INFO - Size of response: 80
2025-05-02 17:36:18 - INFO - Size of response: 80
2025-05-02 17:36:20 - INFO - Size of response: 80
2025-05-02 17:36:20 - INFO - Size of response: 80
2025-05-02 17:36:21 - INFO - Size of response: 80
2025-05-02 17:36:21 - INFO - Size of response: 80
2025-05-02 17:36:23 - INFO - Size of response: 80
2025-05-02 17:36:23 - INFO - Size of response: 80
2025-05-02 17:36:24 - INFO - Size of response: 80
2025-05-02 17:36:24 - INFO - Size of response: 80
2025-05-02 17:36:25 - INFO - Size of response: 80
2025-05-02 17:37:02 - INFO - Checking for leader...
2025-05-02 17:37:03 - INFO - Checking for leader...
2025-05-02 17:37:07 - INFO - Leader found: 127.0.0.1:50000
2025-05-02 17:37:07 - INFO - Info came from: 127.0.0.1:50000
2025-05-02 17:37:08 - INFO - Leader found: 127.0.0.1:50000
2025-05-02 17:37:08 - INFO - Info came from: 127.0.0.1:50000
2025-05-02 17:37:12 - INFO - Size of response: 80
2025-05-02 17:37:15 - INFO - Size of response: 80
2025-05-02 17:37:15 - ERROR - Error receiving response: <_MultiThreadedRendezvous of RPC that terminated with:
	status = StatusCode.CANCELLED
	details = "Locally cancelled by application!"
	debug_error_string = "None"
>
2025-05-02 17:37:16 - INFO - Size of response: 80
2025-05-02 17:37:16 - INFO - Size of response: 80
2025-05-02 17:37:19 - INFO - Size of response: 80
2025-05-02 17:37:22 - INFO - Size of response: 80
2025-05-02 17:37:23 - ERROR - Error receiving response: <_MultiThreadedRendezvous of RPC that terminated with:
	status = StatusCode.CANCELLED
	details = "Locally cancelled by application!"
	debug_error_string = "None"
>
2025-05-02 17:37:24 - INFO - Size of response: 80
2025-05-02 17:37:24 - INFO - Size of response: 80
2025-05-02 17:37:24 - INFO - Size of response: 80
2025-05-02 17:37:25 - INFO - Size of response: 80
2025-05-02 17:37:25 - INFO - Size of response: 80
2025-05-02 17:37:27 - INFO - Size of response: 80
2025-05-02 17:37:27 - INFO - Size of response: 80
2025-05-02 17:37:29 - INFO - Size of response: 80
2025-05-02 17:38:02 - INFO - Checking for leader...
2025-05-02 17:38:07 - INFO - Leader found: 127.0.0.1:50000
2025-05-02 17:38:07 - INFO - Info came from: 127.0.0.1:50000
2025-05-02 17:38:12 - INFO - Size of response: 80
2025-05-02 17:38:17 - INFO - Size of response: 80
2025-05-02 17:38:20 - INFO - Size of response: 80
2025-05-02 17:38:20 - ERROR - Error receiving response: <_MultiThreadedRendezvous of RPC that terminated with:
	status = StatusCode.CANCELLED
	details = "Locally cancelled by application!"
	debug_error_string = "None"
>
2025-05-02 17:38:22 - INFO - Size of response: 80
2025-05-02 17:38:22 - INFO - Size of response: 80
2025-05-02 17:38:27 - INFO - Size of response: 80
2025-05-02 17:38:28 - INFO - Size of response: 80
2025-05-02 17:38:28 - INFO - Size of response: 80
2025-05-02 17:39:44 - INFO - Checking for leader...
2025-05-02 17:39:49 - INFO - Leader found: 127.0.0.1:50000
2025-05-02 17:39:49 - INFO - Info came from: 127.0.0.1:50000
2025-05-02 17:39:55 - INFO - Size of response: 80
2025-05-02 17:39:58 - INFO - Size of response: 80
2025-05-02 17:39:59 - ERROR - Error receiving response: <_MultiThreadedRendezvous of RPC that terminated with:
	status = StatusCode.CANCELLED
	details = "Locally cancelled by application!"
	debug_error_string = "None"
>
2025-05-02 17:40:00 - INFO - Size of response: 80
2025-05-02 17:40:00 - INFO - Size of response: 80
2025-05-02 17:40:01 - INFO - Size of response: 80
2025-05-02 17:40:01 - INFO - Size of response: 80
2025-05-02 20:45:45 - INFO - Checking for leader...
2025-05-02 20:45:48 - INFO - Checking for leader...
2025-05-02 20:45:50 - INFO - Leader found: 127.0.0.1:50000
2025-05-02 20:45:50 - INFO - Info came from: 127.0.0.1:50000
2025-05-02 20:45:53 - INFO - Leader found: 127.0.0.1:50000
2025-05-02 20:45:53 - INFO - Info came from: 127.0.0.1:50000
2025-05-02 20:46:01 - INFO - Size of response: 80
2025-05-02 20:46:04 - INFO - Size of response: 80
2025-05-02 20:46:06 - ERROR - Error receiving response: <_MultiThreadedRendezvous of RPC that terminated with:
	status = StatusCode.CANCELLED
	details = "Locally cancelled by application!"
	debug_error_string = "None"
>
2025-05-02 20:46:07 - INFO - Size of response: 80
2025-05-02 20:46:07 - INFO - Size of response: 80
2025-05-02 20:46:09 - INFO - Size of response: 80
2025-05-02 20:46:12 - INFO - Size of response: 80
2025-05-02 20:46:12 - ERROR - Error receiving response: <_MultiThreadedRendezvous of RPC that terminated with:
	status = StatusCode.CANCELLED
	details = "Locally cancelled by application!"
	debug_error_string = "None"
>
2025-05-02 20:46:13 - INFO - Size of response: 80
2025-05-02 20:46:13 - INFO - Size of response: 80
2025-05-02 20:46:13 - INFO - Size of response: 80
2025-05-02 20:46:14 - INFO - Size of response: 80
2025-05-02 20:46:14 - INFO - Size of response: 80
2025-05-02 20:46:14 - INFO - Size of response: 80
2025-05-02 20:46:15 - INFO - Size of response: 80
2025-05-02 20:46:15 - INFO - Size of response: 80
2025-05-02 20:46:15 - INFO - Size of response: 80
2025-05-02 20:46:15 - INFO - Size of response: 80
2025-05-02 20:46:15 - INFO - Size of response: 80
2025-05-02 20:46:17 - ERROR - Error receiving response: <_MultiThreadedRendezvous of RPC that terminated with:
	status = StatusCode.CANCELLED
	details = "Locally cancelled by application!"
	debug_error_string = "None"
>
2025-05-02 20:46:17 - INFO - Checking for leader...
2025-05-02 20:46:17 - INFO - Size of response: 80
2025-05-02 20:46:22 - INFO - Leader found: 127.0.0.1:50000
2025-05-02 20:46:22 - INFO - Info came from: 127.0.0.1:50000
2025-05-03 00:22:02 - INFO - Checking for leader...
2025-05-03 00:22:07 - INFO - Leader found: 127.0.0.1:50001
2025-05-03 00:22:07 - INFO - Info came from: 127.0.0.1:50000
2025-05-03 00:22:19 - INFO - Checking for leader...
2025-05-03 00:22:24 - INFO - Leader found: 127.0.0.1:50001
2025-05-03 00:22:24 - INFO - Info came from: 127.0.0.1:50000
2025-05-03 00:22:25 - INFO - Size of response: 80
2025-05-03 00:22:30 - INFO - Size of response: 80
2025-05-03 00:22:32 - INFO - Size of response: 80
2025-05-03 00:22:33 - ERROR - Error receiving response: <_MultiThreadedRendezvous of RPC that terminated with:
	status = StatusCode.CANCELLED
	details = "Locally cancelled by application!"
	debug_error_string = "None"
>
2025-05-03 00:22:34 - INFO - Size of response: 80
2025-05-03 00:22:34 - INFO - Size of response: 80
2025-05-03 00:22:37 - INFO - Size of response: 80
2025-05-03 00:22:40 - INFO - Size of response: 80
2025-05-03 00:22:41 - ERROR - Error receiving response: <_MultiThreadedRendezvous of RPC that terminated with:
	status = StatusCode.CANCELLED
	details = "Locally cancelled by application!"
	debug_error_string = "None"
>
2025-05-03 00:22:42 - INFO - Size of response: 80
2025-05-03 00:22:42 - INFO - Size of response: 80
2025-05-03 00:22:42 - INFO - Size of response: 80
2025-05-03 00:22:43 - INFO - Size of response: 80
2025-05-03 00:22:43 - INFO - Size of response: 80
2025-05-03 00:22:43 - INFO - Size of response: 80
2025-05-03 00:22:44 - INFO - Size of response: 80
2025-05-03 00:22:44 - INFO - Size of response: 80
2025-05-03 00:22:44 - INFO - Size of response: 80
2025-05-03 00:22:44 - INFO - Size of response: 80
2025-05-03 00:23:09 - ERROR - Error receiving response: <_MultiThreadedRendezvous of RPC that terminated with:
	status = StatusCode.UNAVAILABLE
	details = "Cancelling all calls"
	debug_error_string = "UNKNOWN:Error received from peer ipv6:%5B::1%5D:60000 {grpc_message:"Cancelling all calls", grpc_status:14, created_time:"2025-05-03T00:23:09.589803-04:00"}"
>
2025-05-03 00:23:09 - ERROR - Error receiving response: <_MultiThreadedRendezvous of RPC that terminated with:
	status = StatusCode.UNAVAILABLE
	details = "Cancelling all calls"
	debug_error_string = "UNKNOWN:Error received from peer ipv6:%5B::1%5D:60000 {grpc_message:"Cancelling all calls", grpc_status:14, created_time:"2025-05-03T00:23:09.589814-04:00"}"
>
2025-05-03 00:24:13 - INFO - Checking for leader...
2025-05-03 00:24:14 - INFO - Checking for leader...
2025-05-03 00:24:18 - INFO - Leader found: 127.0.0.1:50000
2025-05-03 00:24:18 - INFO - Info came from: 127.0.0.1:50000
2025-05-03 00:24:19 - INFO - Leader found: 127.0.0.1:50000
2025-05-03 00:24:19 - INFO - Info came from: 127.0.0.1:50000
2025-05-03 00:24:23 - INFO - Size of response: 80
2025-05-03 00:24:26 - INFO - Size of response: 80
2025-05-03 00:24:27 - ERROR - Error receiving response: <_MultiThreadedRendezvous of RPC that terminated with:
	status = StatusCode.CANCELLED
	details = "Locally cancelled by application!"
	debug_error_string = "None"
>
2025-05-03 00:24:28 - INFO - Size of response: 80
2025-05-03 00:24:28 - INFO - Size of response: 80
2025-05-03 00:24:29 - INFO - Size of response: 80
2025-05-03 00:24:33 - INFO - Size of response: 80
2025-05-03 00:24:33 - ERROR - Error receiving response: <_MultiThreadedRendezvous of RPC that terminated with:
	status = StatusCode.CANCELLED
	details = "Locally cancelled by application!"
	debug_error_string = "None"
>
2025-05-03 00:24:34 - INFO - Size of response: 80
2025-05-03 00:24:34 - INFO - Size of response: 80
2025-05-03 00:24:34 - INFO - Size of response: 80
2025-05-03 00:24:35 - INFO - Size of response: 80
2025-05-03 00:24:35 - INFO - Size of response: 80
2025-05-03 00:24:35 - INFO - Size of response: 80
2025-05-03 00:24:36 - INFO - Size of response: 80
2025-05-03 00:24:36 - INFO - Size of response: 80
2025-05-03 00:24:36 - INFO - Size of response: 80
2025-05-03 00:24:36 - INFO - Size of response: 80
2025-05-03 00:25:30 - ERROR - Error receiving response: <_MultiThreadedRendezvous of RPC that terminated with:
	status = StatusCode.UNAVAILABLE
	details = "Cancelling all calls"
	debug_error_string = "UNKNOWN:Error received from peer ipv6:%5B::1%5D:60000 {created_time:"2025-05-03T00:25:30.612964-04:00", grpc_status:14, grpc_message:"Cancelling all calls"}"
>
2025-05-03 00:25:30 - ERROR - Error receiving response: <_MultiThreadedRendezvous of RPC that terminated with:
	status = StatusCode.UNAVAILABLE
	details = "Cancelling all calls"
	debug_error_string = "UNKNOWN:Error received from peer ipv6:%5B::1%5D:60000 {created_time:"2025-05-03T00:25:30.6129-04:00", grpc_status:14, grpc_message:"Cancelling all calls"}"
>
2025-05-03 00:25:36 - INFO - Checking for leader...
2025-05-03 00:25:37 - INFO - Checking for leader...
2025-05-03 00:25:41 - INFO - Leader found: 127.0.0.1:50000
2025-05-03 00:25:41 - INFO - Info came from: 127.0.0.1:50000
2025-05-03 00:25:42 - INFO - Leader found: 127.0.0.1:50000
2025-05-03 00:25:42 - INFO - Info came from: 127.0.0.1:50000
2025-05-03 00:25:46 - INFO - Size of response: 80
2025-05-03 00:25:48 - INFO - Size of response: 80
2025-05-03 00:25:49 - ERROR - Error receiving response: <_MultiThreadedRendezvous of RPC that terminated with:
	status = StatusCode.CANCELLED
	details = "Locally cancelled by application!"
	debug_error_string = "None"
>
2025-05-03 00:25:50 - INFO - Size of response: 80
2025-05-03 00:25:50 - INFO - Size of response: 80
2025-05-03 00:25:52 - INFO - Size of response: 80
2025-05-03 00:25:55 - INFO - Size of response: 80
2025-05-03 00:25:55 - ERROR - Error receiving response: <_MultiThreadedRendezvous of RPC that terminated with:
	status = StatusCode.CANCELLED
	details = "Locally cancelled by application!"
	debug_error_string = "None"
>
2025-05-03 00:25:56 - INFO - Size of response: 80
2025-05-03 00:25:56 - INFO - Size of response: 80
2025-05-03 00:25:56 - INFO - Size of response: 80
2025-05-03 00:25:57 - INFO - Size of response: 80
2025-05-03 00:25:57 - INFO - Size of response: 80
2025-05-03 00:25:57 - INFO - Size of response: 80
2025-05-03 00:25:58 - INFO - Size of response: 80
2025-05-03 00:25:58 - INFO - Size of response: 80
2025-05-03 00:25:58 - INFO - Size of response: 80
2025-05-03 00:25:58 - INFO - Size of response: 80
2025-05-03 00:25:58 - INFO - Size of response: 80
2025-05-03 00:26:25 - INFO - Checking for leader...
2025-05-03 00:26:25 - INFO - Checking for leader...
2025-05-03 00:26:30 - INFO - Leader found: 127.0.0.1:50000
2025-05-03 00:26:30 - INFO - Info came from: 127.0.0.1:50000
2025-05-03 00:26:30 - INFO - Leader found: 127.0.0.1:50000
2025-05-03 00:26:30 - INFO - Info came from: 127.0.0.1:50000
2025-05-03 00:26:34 - INFO - Size of response: 80
2025-05-03 00:26:37 - INFO - Size of response: 80
2025-05-03 00:26:38 - ERROR - Error receiving response: <_MultiThreadedRendezvous of RPC that terminated with:
	status = StatusCode.CANCELLED
	details = "Locally cancelled by application!"
	debug_error_string = "None"
>
2025-05-03 00:26:39 - INFO - Size of response: 80
2025-05-03 00:26:39 - INFO - Size of response: 80
2025-05-03 00:26:41 - INFO - Size of response: 80
2025-05-03 00:26:43 - INFO - Size of response: 80
2025-05-03 00:26:44 - ERROR - Error receiving response: <_MultiThreadedRendezvous of RPC that terminated with:
	status = StatusCode.CANCELLED
	details = "Locally cancelled by application!"
	debug_error_string = "None"
>
2025-05-03 00:26:45 - INFO - Size of response: 80
2025-05-03 00:26:45 - INFO - Size of response: 80
2025-05-03 00:26:45 - INFO - Size of response: 80
2025-05-03 00:26:46 - INFO - Size of response: 80
2025-05-03 00:26:46 - INFO - Size of response: 80
2025-05-03 00:26:46 - INFO - Size of response: 80
2025-05-03 00:26:47 - INFO - Size of response: 80
2025-05-03 00:26:47 - INFO - Size of response: 80
2025-05-03 00:26:47 - INFO - Size of response: 80
2025-05-03 00:26:47 - INFO - Size of response: 80
2025-05-03 00:27:46 - ERROR - Error receiving response: <_MultiThreadedRendezvous of RPC that terminated with:
	status = StatusCode.UNAVAILABLE
	details = "Cancelling all calls"
	debug_error_string = "UNKNOWN:Error received from peer ipv6:%5B::1%5D:60000 {grpc_message:"Cancelling all calls", grpc_status:14, created_time:"2025-05-03T00:27:46.61129-04:00"}"
>
2025-05-03 00:27:46 - ERROR - Error receiving response: <_MultiThreadedRendezvous of RPC that terminated with:
	status = StatusCode.UNAVAILABLE
	details = "Cancelling all calls"
	debug_error_string = "UNKNOWN:Error received from peer ipv6:%5B::1%5D:60000 {grpc_message:"Cancelling all calls", grpc_status:14, created_time:"2025-05-03T00:27:46.611351-04:00"}"
>
2025-05-03 00:27:54 - INFO - Checking for leader...
2025-05-03 00:27:55 - INFO - Checking for leader...
2025-05-03 00:27:59 - INFO - Leader found: 127.0.0.1:50000
2025-05-03 00:27:59 - INFO - Info came from: 127.0.0.1:50000
2025-05-03 00:28:00 - INFO - Leader found: 127.0.0.1:50000
2025-05-03 00:28:00 - INFO - Info came from: 127.0.0.1:50000
2025-05-03 00:28:12 - INFO - Size of response: 80
2025-05-03 00:28:15 - INFO - Size of response: 80
2025-05-03 00:28:16 - ERROR - Error receiving response: <_MultiThreadedRendezvous of RPC that terminated with:
	status = StatusCode.CANCELLED
	details = "Locally cancelled by application!"
	debug_error_string = "None"
>
2025-05-03 00:28:17 - INFO - Size of response: 80
2025-05-03 00:28:17 - INFO - Size of response: 80
2025-05-03 00:28:19 - INFO - Size of response: 80
2025-05-03 00:28:23 - INFO - Size of response: 80
2025-05-03 00:28:24 - ERROR - Error receiving response: <_MultiThreadedRendezvous of RPC that terminated with:
	status = StatusCode.CANCELLED
	details = "Locally cancelled by application!"
	debug_error_string = "None"
>
2025-05-03 00:28:25 - INFO - Size of response: 80
2025-05-03 00:28:25 - INFO - Size of response: 80
2025-05-03 00:28:25 - INFO - Size of response: 80
2025-05-03 00:28:27 - INFO - Size of response: 80
2025-05-03 00:28:27 - INFO - Size of response: 80
2025-05-03 00:28:27 - INFO - Size of response: 80
2025-05-03 00:28:29 - INFO - Size of response: 80
2025-05-03 00:28:29 - INFO - Size of response: 80
2025-05-03 00:28:29 - INFO - Size of response: 80
2025-05-03 00:28:29 - INFO - Size of response: 80
2025-05-03 00:30:39 - ERROR - Error receiving response: <_MultiThreadedRendezvous of RPC that terminated with:
	status = StatusCode.UNAVAILABLE
	details = "Cancelling all calls"
	debug_error_string = "UNKNOWN:Error received from peer ipv6:%5B::1%5D:60000 {grpc_message:"Cancelling all calls", grpc_status:14, created_time:"2025-05-03T00:30:39.583208-04:00"}"
>
2025-05-03 00:30:39 - ERROR - Error receiving response: <_MultiThreadedRendezvous of RPC that terminated with:
	status = StatusCode.UNAVAILABLE
	details = "Cancelling all calls"
	debug_error_string = "UNKNOWN:Error received from peer ipv6:%5B::1%5D:60000 {grpc_message:"Cancelling all calls", grpc_status:14, created_time:"2025-05-03T00:30:39.58311-04:00"}"
>
2025-05-03 00:30:46 - INFO - Checking for leader...
2025-05-03 00:30:47 - INFO - Checking for leader...
2025-05-03 00:30:51 - INFO - Leader found: 127.0.0.1:50000
2025-05-03 00:30:51 - INFO - Info came from: 127.0.0.1:50000
2025-05-03 00:30:52 - INFO - Leader found: 127.0.0.1:50000
2025-05-03 00:30:52 - INFO - Info came from: 127.0.0.1:50000
2025-05-03 00:30:57 - INFO - Size of response: 80
2025-05-03 00:30:59 - INFO - Size of response: 80
2025-05-03 00:31:00 - ERROR - Error receiving response: <_MultiThreadedRendezvous of RPC that terminated with:
	status = StatusCode.CANCELLED
	details = "Locally cancelled by application!"
	debug_error_string = "None"
>
2025-05-03 00:31:01 - INFO - Size of response: 80
2025-05-03 00:31:01 - INFO - Size of response: 80
2025-05-03 00:31:03 - INFO - Size of response: 80
2025-05-03 00:31:06 - INFO - Size of response: 80
2025-05-03 00:31:06 - ERROR - Error receiving response: <_MultiThreadedRendezvous of RPC that terminated with:
	status = StatusCode.CANCELLED
	details = "Locally cancelled by application!"
	debug_error_string = "None"
>
2025-05-03 00:31:07 - INFO - Size of response: 80
2025-05-03 00:31:07 - INFO - Size of response: 80
2025-05-03 00:31:07 - INFO - Size of response: 80
2025-05-03 00:31:08 - INFO - Size of response: 80
2025-05-03 00:31:08 - INFO - Size of response: 80
2025-05-03 00:31:08 - INFO - Size of response: 80
2025-05-03 00:31:09 - INFO - Size of response: 80
2025-05-03 00:31:09 - INFO - Size of response: 80
2025-05-03 00:31:09 - INFO - Size of response: 80
2025-05-03 00:31:09 - INFO - Size of response: 80
2025-05-03 00:31:37 - INFO - Checking for leader...
2025-05-03 00:31:38 - INFO - Checking for leader...
2025-05-03 00:31:42 - INFO - Leader found: 127.0.0.1:50001
2025-05-03 00:31:42 - INFO - Info came from: 127.0.0.1:50000
2025-05-03 00:31:43 - INFO - Leader found: 127.0.0.1:50001
2025-05-03 00:31:43 - INFO - Info came from: 127.0.0.1:50000
2025-05-03 00:31:47 - INFO - Size of response: 80
2025-05-03 00:31:50 - INFO - Size of response: 80
2025-05-03 00:31:50 - ERROR - Error receiving response: <_MultiThreadedRendezvous of RPC that terminated with:
	status = StatusCode.CANCELLED
	details = "Locally cancelled by application!"
	debug_error_string = "None"
>
2025-05-03 00:31:51 - INFO - Size of response: 80
2025-05-03 00:31:51 - INFO - Size of response: 80
2025-05-03 00:31:53 - INFO - Size of response: 80
2025-05-03 00:31:57 - INFO - Size of response: 80
2025-05-03 00:31:57 - ERROR - Error receiving response: <_MultiThreadedRendezvous of RPC that terminated with:
	status = StatusCode.CANCELLED
	details = "Locally cancelled by application!"
	debug_error_string = "None"
>
2025-05-03 00:31:58 - INFO - Size of response: 80
2025-05-03 00:31:58 - INFO - Size of response: 80
2025-05-03 00:31:58 - INFO - Size of response: 80
2025-05-03 00:32:00 - INFO - Size of response: 80
2025-05-03 00:32:00 - INFO - Size of response: 80
2025-05-03 00:32:00 - INFO - Size of response: 80
2025-05-03 00:32:01 - INFO - Size of response: 80
2025-05-03 00:32:01 - INFO - Size of response: 80
2025-05-03 00:32:01 - INFO - Size of response: 80
2025-05-03 00:32:01 - INFO - Size of response: 80
2025-05-03 00:32:01 - INFO - Size of response: 80
2025-05-03 00:32:21 - INFO - Checking for leader...
2025-05-03 00:32:22 - INFO - Checking for leader...
2025-05-03 00:32:26 - INFO - Leader found: 127.0.0.1:50001
2025-05-03 00:32:26 - INFO - Info came from: 127.0.0.1:50000
2025-05-03 00:32:27 - INFO - Leader found: 127.0.0.1:50001
2025-05-03 00:32:27 - INFO - Info came from: 127.0.0.1:50000
2025-05-03 00:32:33 - INFO - Size of response: 80
2025-05-03 00:32:36 - INFO - Size of response: 80
2025-05-03 00:32:36 - ERROR - Error receiving response: <_MultiThreadedRendezvous of RPC that terminated with:
	status = StatusCode.CANCELLED
	details = "Locally cancelled by application!"
	debug_error_string = "None"
>
2025-05-03 00:32:37 - INFO - Size of response: 80
2025-05-03 00:32:37 - INFO - Size of response: 80
2025-05-03 00:32:40 - INFO - Size of response: 80
2025-05-03 00:32:43 - INFO - Size of response: 80
2025-05-03 00:32:44 - ERROR - Error receiving response: <_MultiThreadedRendezvous of RPC that terminated with:
	status = StatusCode.CANCELLED
	details = "Locally cancelled by application!"
	debug_error_string = "None"
>
2025-05-03 00:32:45 - INFO - Size of response: 80
2025-05-03 00:32:45 - INFO - Size of response: 80
2025-05-03 00:32:45 - INFO - Size of response: 80
2025-05-03 00:32:46 - INFO - Size of response: 80
2025-05-03 00:32:46 - INFO - Size of response: 80
2025-05-03 00:32:46 - INFO - Size of response: 80
2025-05-03 00:32:46 - INFO - Size of response: 80
2025-05-03 00:32:46 - INFO - Size of response: 80
2025-05-03 00:32:46 - INFO - Size of response: 80
2025-05-03 00:32:46 - INFO - Size of response: 80
2025-05-03 00:32:46 - INFO - Size of response: 80
2025-05-03 00:33:13 - INFO - Checking for leader...
2025-05-03 00:33:13 - INFO - Checking for leader...
2025-05-03 00:33:18 - INFO - Leader found: 127.0.0.1:50001
2025-05-03 00:33:18 - INFO - Info came from: 127.0.0.1:50000
2025-05-03 00:33:18 - INFO - Leader found: 127.0.0.1:50001
2025-05-03 00:33:18 - INFO - Info came from: 127.0.0.1:50000
2025-05-03 00:33:22 - INFO - Size of response: 80
2025-05-03 00:33:25 - INFO - Size of response: 80
2025-05-03 00:33:26 - ERROR - Error receiving response: <_MultiThreadedRendezvous of RPC that terminated with:
	status = StatusCode.CANCELLED
	details = "Locally cancelled by application!"
	debug_error_string = "None"
>
2025-05-03 00:33:27 - INFO - Size of response: 80
2025-05-03 00:33:27 - INFO - Size of response: 80
2025-05-03 00:33:28 - INFO - Size of response: 80
2025-05-03 00:33:31 - INFO - Size of response: 80
2025-05-03 00:33:32 - ERROR - Error receiving response: <_MultiThreadedRendezvous of RPC that terminated with:
	status = StatusCode.CANCELLED
	details = "Locally cancelled by application!"
	debug_error_string = "None"
>
2025-05-03 00:33:33 - INFO - Size of response: 80
2025-05-03 00:33:33 - INFO - Size of response: 80
2025-05-03 00:33:33 - INFO - Size of response: 80
2025-05-03 00:33:33 - INFO - Size of response: 80
2025-05-03 00:33:33 - INFO - Size of response: 80
2025-05-03 00:33:33 - INFO - Size of response: 80
2025-05-03 00:33:34 - INFO - Size of response: 80
2025-05-03 00:33:34 - INFO - Size of response: 80
2025-05-03 00:33:34 - INFO - Size of response: 80
2025-05-03 00:33:34 - INFO - Size of response: 80
2025-05-03 00:33:34 - INFO - Size of response: 80
2025-05-03 00:36:34 - INFO - Checking for leader...
2025-05-03 00:36:35 - INFO - Checking for leader...
2025-05-03 00:36:39 - INFO - Leader found: 127.0.0.1:50001
2025-05-03 00:36:39 - INFO - Info came from: 127.0.0.1:50000
2025-05-03 00:36:40 - INFO - Leader found: 127.0.0.1:50001
2025-05-03 00:36:40 - INFO - Info came from: 127.0.0.1:50000
2025-05-03 00:36:43 - INFO - Size of response: 80
2025-05-03 00:36:46 - INFO - Size of response: 80
2025-05-03 00:36:46 - ERROR - Error receiving response: <_MultiThreadedRendezvous of RPC that terminated with:
	status = StatusCode.CANCELLED
	details = "Locally cancelled by application!"
	debug_error_string = "None"
>
2025-05-03 00:36:47 - INFO - Size of response: 80
2025-05-03 00:36:47 - INFO - Size of response: 80
2025-05-03 00:36:49 - INFO - Size of response: 80
2025-05-03 00:36:53 - INFO - Size of response: 80
2025-05-03 00:36:53 - ERROR - Error receiving response: <_MultiThreadedRendezvous of RPC that terminated with:
	status = StatusCode.CANCELLED
	details = "Locally cancelled by application!"
	debug_error_string = "None"
>
2025-05-03 00:36:54 - INFO - Size of response: 80
2025-05-03 00:36:54 - INFO - Size of response: 80
2025-05-03 00:36:54 - INFO - Size of response: 80
2025-05-03 00:36:55 - INFO - Size of response: 80
2025-05-03 00:36:55 - INFO - Size of response: 80
2025-05-03 00:36:55 - INFO - Size of response: 80
2025-05-03 00:36:57 - INFO - Size of response: 80
2025-05-03 00:36:57 - INFO - Size of response: 80
2025-05-03 00:36:57 - INFO - Size of response: 80
2025-05-03 00:36:57 - INFO - Size of response: 80
2025-05-03 00:37:03 - ERROR - Error receiving response: <_MultiThreadedRendezvous of RPC that terminated with:
	status = StatusCode.UNAVAILABLE
	details = "Cancelling all calls"
	debug_error_string = "UNKNOWN:Error received from peer ipv6:%5B::1%5D:60000 {created_time:"2025-05-03T00:37:03.88251-04:00", grpc_status:14, grpc_message:"Cancelling all calls"}"
>
2025-05-03 00:37:03 - ERROR - Error receiving response: <_MultiThreadedRendezvous of RPC that terminated with:
	status = StatusCode.UNAVAILABLE
	details = "Cancelling all calls"
	debug_error_string = "UNKNOWN:Error received from peer ipv6:%5B::1%5D:60000 {created_time:"2025-05-03T00:37:03.882554-04:00", grpc_status:14, grpc_message:"Cancelling all calls"}"
>
2025-05-03 00:37:10 - INFO - Checking for leader...
2025-05-03 00:37:10 - INFO - Checking for leader...
2025-05-03 00:37:15 - INFO - Leader found: 127.0.0.1:50001
2025-05-03 00:37:15 - INFO - Info came from: 127.0.0.1:50000
2025-05-03 00:37:15 - INFO - Leader found: 127.0.0.1:50001
2025-05-03 00:37:15 - INFO - Info came from: 127.0.0.1:50000
2025-05-03 00:37:19 - INFO - Size of response: 80
2025-05-03 00:37:22 - INFO - Size of response: 80
2025-05-03 00:37:22 - ERROR - Error receiving response: <_MultiThreadedRendezvous of RPC that terminated with:
	status = StatusCode.CANCELLED
	details = "Locally cancelled by application!"
	debug_error_string = "None"
>
2025-05-03 00:37:23 - INFO - Size of response: 80
2025-05-03 00:37:23 - INFO - Size of response: 80
2025-05-03 00:37:25 - INFO - Size of response: 80
2025-05-03 00:37:28 - INFO - Size of response: 80
2025-05-03 00:37:29 - ERROR - Error receiving response: <_MultiThreadedRendezvous of RPC that terminated with:
	status = StatusCode.CANCELLED
	details = "Locally cancelled by application!"
	debug_error_string = "None"
>
2025-05-03 00:37:30 - INFO - Size of response: 80
2025-05-03 00:37:30 - INFO - Size of response: 80
2025-05-03 00:37:30 - INFO - Size of response: 80
2025-05-03 00:37:30 - INFO - Size of response: 80
2025-05-03 00:37:30 - INFO - Size of response: 80
2025-05-03 00:37:30 - INFO - Size of response: 80
2025-05-03 00:37:31 - INFO - Size of response: 80
2025-05-03 00:37:31 - INFO - Size of response: 80
2025-05-03 00:37:31 - INFO - Size of response: 80
2025-05-03 00:37:32 - INFO - Size of response: 80
2025-05-03 00:38:21 - ERROR - Error receiving response: <_MultiThreadedRendezvous of RPC that terminated with:
	status = StatusCode.UNAVAILABLE
	details = "Cancelling all calls"
	debug_error_string = "UNKNOWN:Error received from peer ipv6:%5B::1%5D:60000 {created_time:"2025-05-03T00:38:21.837805-04:00", grpc_status:14, grpc_message:"Cancelling all calls"}"
>
2025-05-03 00:38:21 - ERROR - Error receiving response: <_MultiThreadedRendezvous of RPC that terminated with:
	status = StatusCode.UNAVAILABLE
	details = "Cancelling all calls"
	debug_error_string = "UNKNOWN:Error received from peer ipv6:%5B::1%5D:60000 {created_time:"2025-05-03T00:38:21.837899-04:00", grpc_status:14, grpc_message:"Cancelling all calls"}"
>
2025-05-03 00:38:27 - INFO - Checking for leader...
2025-05-03 00:38:28 - INFO - Checking for leader...
2025-05-03 00:38:32 - INFO - Leader found: 127.0.0.1:50001
2025-05-03 00:38:32 - INFO - Info came from: 127.0.0.1:50000
2025-05-03 00:38:33 - INFO - Leader found: 127.0.0.1:50001
2025-05-03 00:38:33 - INFO - Info came from: 127.0.0.1:50000
2025-05-03 00:38:48 - INFO - Checking for leader...
2025-05-03 00:38:49 - INFO - Checking for leader...
2025-05-03 00:38:53 - INFO - Leader found: 127.0.0.1:50001
2025-05-03 00:38:53 - INFO - Info came from: 127.0.0.1:50000
2025-05-03 00:38:54 - INFO - Leader found: 127.0.0.1:50001
2025-05-03 00:38:54 - INFO - Info came from: 127.0.0.1:50000
2025-05-03 00:39:10 - INFO - Checking for leader...
2025-05-03 00:39:12 - INFO - Checking for leader...
2025-05-03 00:39:15 - INFO - Leader found: 127.0.0.1:50000
2025-05-03 00:39:15 - INFO - Info came from: 127.0.0.1:50000
2025-05-03 00:39:17 - INFO - Leader found: 127.0.0.1:50000
2025-05-03 00:39:17 - INFO - Info came from: 127.0.0.1:50000
2025-05-03 00:39:21 - INFO - Size of response: 80
2025-05-03 00:39:23 - INFO - Size of response: 80
2025-05-03 00:39:24 - ERROR - Error receiving response: <_MultiThreadedRendezvous of RPC that terminated with:
	status = StatusCode.CANCELLED
	details = "Locally cancelled by application!"
	debug_error_string = "None"
>
2025-05-03 00:39:25 - INFO - Size of response: 80
2025-05-03 00:39:25 - INFO - Size of response: 80
2025-05-03 00:39:27 - INFO - Size of response: 80
2025-05-03 00:39:29 - INFO - Size of response: 80
2025-05-03 00:39:30 - ERROR - Error receiving response: <_MultiThreadedRendezvous of RPC that terminated with:
	status = StatusCode.CANCELLED
	details = "Locally cancelled by application!"
	debug_error_string = "None"
>
2025-05-03 00:39:31 - INFO - Size of response: 80
2025-05-03 00:39:31 - INFO - Size of response: 80
2025-05-03 00:39:31 - INFO - Size of response: 80
2025-05-03 00:39:32 - INFO - Size of response: 80
2025-05-03 00:39:32 - INFO - Size of response: 80
2025-05-03 00:39:32 - INFO - Size of response: 80
2025-05-03 00:39:33 - INFO - Size of response: 80
2025-05-03 00:39:33 - INFO - Size of response: 80
2025-05-03 00:39:33 - INFO - Size of response: 80
2025-05-03 00:39:33 - INFO - Size of response: 80
2025-05-03 00:39:58 - ERROR - Error receiving response: <_MultiThreadedRendezvous of RPC that terminated with:
	status = StatusCode.UNAVAILABLE
	details = "Cancelling all calls"
	debug_error_string = "UNKNOWN:Error received from peer ipv6:%5B::1%5D:60000 {grpc_message:"Cancelling all calls", grpc_status:14, created_time:"2025-05-03T00:39:58.653828-04:00"}"
>
2025-05-03 00:39:58 - ERROR - Error receiving response: <_MultiThreadedRendezvous of RPC that terminated with:
	status = StatusCode.UNAVAILABLE
	details = "Cancelling all calls"
	debug_error_string = "UNKNOWN:Error received from peer ipv6:%5B::1%5D:60000 {grpc_message:"Cancelling all calls", grpc_status:14, created_time:"2025-05-03T00:39:58.653924-04:00"}"
>
2025-05-03 00:40:02 - INFO - Checking for leader...
2025-05-03 00:40:03 - INFO - Checking for leader...
2025-05-03 00:40:07 - INFO - Leader found: 127.0.0.1:50000
2025-05-03 00:40:07 - INFO - Info came from: 127.0.0.1:50000
2025-05-03 00:40:08 - INFO - Leader found: 127.0.0.1:50000
2025-05-03 00:40:08 - INFO - Info came from: 127.0.0.1:50000
2025-05-03 00:40:11 - INFO - Size of response: 80
2025-05-03 00:40:15 - INFO - Size of response: 80
2025-05-03 00:40:15 - ERROR - Error receiving response: <_MultiThreadedRendezvous of RPC that terminated with:
	status = StatusCode.CANCELLED
	details = "Locally cancelled by application!"
	debug_error_string = "None"
>
2025-05-03 00:40:16 - INFO - Size of response: 80
2025-05-03 00:40:16 - INFO - Size of response: 80
2025-05-03 00:40:18 - INFO - Size of response: 80
2025-05-03 00:40:18 - INFO - Size of response: 80
2025-05-03 00:40:21 - INFO - Size of response: 80
2025-05-03 00:40:24 - INFO - Size of response: 80
2025-05-03 00:40:25 - ERROR - Error receiving response: <_MultiThreadedRendezvous of RPC that terminated with:
	status = StatusCode.CANCELLED
	details = "Locally cancelled by application!"
	debug_error_string = "None"
>
2025-05-03 00:40:26 - INFO - Size of response: 80
2025-05-03 00:40:26 - INFO - Size of response: 80
2025-05-03 00:40:26 - INFO - Size of response: 80
2025-05-03 00:40:26 - INFO - Size of response: 80
2025-05-03 00:40:26 - INFO - Size of response: 80
2025-05-03 00:40:26 - INFO - Size of response: 80
2025-05-03 00:40:26 - INFO - Size of response: 80
2025-05-03 00:40:26 - INFO - Size of response: 80
2025-05-03 00:43:02 - INFO - Checking for leader...
2025-05-03 00:43:03 - INFO - Checking for leader...
2025-05-03 00:43:07 - INFO - Leader found: 127.0.0.1:50000
2025-05-03 00:43:07 - INFO - Info came from: 127.0.0.1:50000
2025-05-03 00:43:08 - INFO - Leader found: 127.0.0.1:50000
2025-05-03 00:43:08 - INFO - Info came from: 127.0.0.1:50000
2025-05-03 00:43:12 - INFO - Size of response: 80
2025-05-03 00:43:15 - INFO - Size of response: 80
2025-05-03 00:43:15 - ERROR - Error receiving response: <_MultiThreadedRendezvous of RPC that terminated with:
	status = StatusCode.CANCELLED
	details = "Locally cancelled by application!"
	debug_error_string = "None"
>
2025-05-03 00:43:16 - INFO - Size of response: 80
2025-05-03 00:43:16 - INFO - Size of response: 80
2025-05-03 00:43:18 - INFO - Size of response: 80
2025-05-03 00:43:22 - INFO - Size of response: 80
2025-05-03 00:43:22 - ERROR - Error receiving response: <_MultiThreadedRendezvous of RPC that terminated with:
	status = StatusCode.CANCELLED
	details = "Locally cancelled by application!"
	debug_error_string = "None"
>
2025-05-03 00:43:23 - INFO - Size of response: 80
2025-05-03 00:43:23 - INFO - Size of response: 80
2025-05-03 00:43:23 - INFO - Size of response: 80
2025-05-03 00:43:24 - INFO - Size of response: 80
2025-05-03 00:43:24 - INFO - Size of response: 80
2025-05-03 00:43:24 - INFO - Size of response: 80
2025-05-03 00:43:25 - INFO - Size of response: 80
2025-05-03 00:43:25 - INFO - Size of response: 80
2025-05-03 00:43:26 - INFO - Size of response: 80
2025-05-03 00:43:26 - INFO - Size of response: 80
2025-05-03 00:43:26 - INFO - Size of response: 80
2025-05-03 00:45:20 - INFO - Checking for leader...
2025-05-03 00:45:21 - INFO - Checking for leader...
2025-05-03 00:45:25 - INFO - Leader found: 127.0.0.1:50000
2025-05-03 00:45:25 - INFO - Info came from: 127.0.0.1:50000
2025-05-03 00:45:26 - INFO - Leader found: 127.0.0.1:50000
2025-05-03 00:45:26 - INFO - Info came from: 127.0.0.1:50000
2025-05-03 00:45:30 - INFO - Size of response: 80
2025-05-03 00:45:32 - INFO - Size of response: 80
2025-05-03 00:45:33 - ERROR - Error receiving response: <_MultiThreadedRendezvous of RPC that terminated with:
	status = StatusCode.CANCELLED
	details = "Locally cancelled by application!"
	debug_error_string = "None"
>
2025-05-03 00:45:34 - INFO - Size of response: 80
2025-05-03 00:45:34 - INFO - Size of response: 80
2025-05-03 00:45:36 - INFO - Size of response: 80
2025-05-03 00:45:40 - INFO - Size of response: 80
2025-05-03 00:45:46 - INFO - Size of response: 80
2025-05-03 00:45:49 - INFO - Size of response: 80
2025-05-03 00:45:50 - ERROR - Error receiving response: <_MultiThreadedRendezvous of RPC that terminated with:
	status = StatusCode.CANCELLED
	details = "Locally cancelled by application!"
	debug_error_string = "None"
>
2025-05-03 00:45:51 - INFO - Size of response: 80
2025-05-03 00:45:51 - INFO - Size of response: 80
2025-05-03 00:45:51 - INFO - Size of response: 80
2025-05-03 00:45:52 - INFO - Size of response: 80
2025-05-03 00:45:52 - INFO - Size of response: 80
2025-05-03 00:45:52 - INFO - Size of response: 80
2025-05-03 00:46:00 - INFO - Size of response: 80
2025-05-03 00:46:00 - INFO - Size of response: 80
2025-05-03 00:46:00 - INFO - Size of response: 80
2025-05-03 00:46:00 - INFO - Size of response: 80
2025-05-03 00:46:00 - INFO - Size of response: 80
2025-05-03 00:46:25 - INFO - Checking for leader...
2025-05-03 00:46:26 - INFO - Checking for leader...
2025-05-03 00:46:30 - INFO - Leader found: 127.0.0.1:50000
2025-05-03 00:46:30 - INFO - Info came from: 127.0.0.1:50000
2025-05-03 00:46:31 - INFO - Leader found: 127.0.0.1:50000
2025-05-03 00:46:31 - INFO - Info came from: 127.0.0.1:50000
2025-05-03 00:46:35 - INFO - Size of response: 80
2025-05-03 00:46:37 - INFO - Size of response: 80
2025-05-03 00:46:38 - ERROR - Error receiving response: <_MultiThreadedRendezvous of RPC that terminated with:
	status = StatusCode.CANCELLED
	details = "Locally cancelled by application!"
	debug_error_string = "None"
>
2025-05-03 00:46:39 - INFO - Size of response: 80
2025-05-03 00:46:39 - INFO - Size of response: 80
2025-05-03 00:46:42 - INFO - Size of response: 80
2025-05-03 00:46:42 - INFO - Size of response: 80
2025-05-03 00:46:45 - INFO - Size of response: 80
2025-05-03 00:46:48 - INFO - Size of response: 80
2025-05-03 00:46:49 - ERROR - Error receiving response: <_MultiThreadedRendezvous of RPC that terminated with:
	status = StatusCode.CANCELLED
	details = "Locally cancelled by application!"
	debug_error_string = "None"
>
2025-05-03 00:46:50 - INFO - Size of response: 80
2025-05-03 00:46:50 - INFO - Size of response: 80
2025-05-03 00:46:50 - INFO - Size of response: 80
2025-05-03 00:46:50 - INFO - Size of response: 80
2025-05-03 00:46:50 - INFO - Size of response: 80
2025-05-03 00:46:50 - INFO - Size of response: 80
2025-05-03 00:46:50 - INFO - Size of response: 80
2025-05-03 00:46:51 - INFO - Size of response: 80
2025-05-03 00:48:44 - INFO - Checking for leader...
2025-05-03 00:48:44 - INFO - Checking for leader...
2025-05-03 00:48:49 - INFO - Leader found: 127.0.0.1:50000
2025-05-03 00:48:49 - INFO - Info came from: 127.0.0.1:50000
2025-05-03 00:48:49 - INFO - Leader found: 127.0.0.1:50000
2025-05-03 00:48:49 - INFO - Info came from: 127.0.0.1:50000
2025-05-03 00:48:53 - INFO - Size of response: 80
2025-05-03 00:48:56 - INFO - Size of response: 80
2025-05-03 00:48:56 - ERROR - Error receiving response: <_MultiThreadedRendezvous of RPC that terminated with:
	status = StatusCode.CANCELLED
	details = "Locally cancelled by application!"
	debug_error_string = "None"
>
2025-05-03 00:48:57 - INFO - Size of response: 80
2025-05-03 00:48:57 - INFO - Size of response: 80
2025-05-03 00:48:59 - INFO - Size of response: 80
2025-05-03 00:49:01 - INFO - Size of response: 80
2025-05-03 00:49:02 - ERROR - Error receiving response: <_MultiThreadedRendezvous of RPC that terminated with:
	status = StatusCode.CANCELLED
	details = "Locally cancelled by application!"
	debug_error_string = "None"
>
2025-05-03 00:49:03 - INFO - Size of response: 80
2025-05-03 00:49:03 - INFO - Size of response: 80
2025-05-03 00:49:03 - INFO - Size of response: 80
2025-05-03 00:49:04 - INFO - Size of response: 80
2025-05-03 00:49:04 - INFO - Size of response: 80
2025-05-03 00:49:04 - INFO - Size of response: 80
2025-05-03 00:49:04 - INFO - Size of response: 80
2025-05-03 00:49:04 - INFO - Size of response: 80
2025-05-03 00:49:04 - INFO - Size of response: 80
2025-05-03 00:49:04 - INFO - Size of response: 80
2025-05-03 00:49:04 - INFO - Size of response: 80
2025-05-03 00:49:22 - INFO - Checking for leader...
2025-05-03 00:49:23 - INFO - Checking for leader...
2025-05-03 00:49:27 - INFO - Leader found: 127.0.0.1:50000
2025-05-03 00:49:27 - INFO - Info came from: 127.0.0.1:50000
2025-05-03 00:49:28 - INFO - Leader found: 127.0.0.1:50000
2025-05-03 00:49:28 - INFO - Info came from: 127.0.0.1:50000
2025-05-03 00:49:32 - INFO - Size of response: 80
2025-05-03 00:49:34 - INFO - Size of response: 80
2025-05-03 00:49:35 - ERROR - Error receiving response: <_MultiThreadedRendezvous of RPC that terminated with:
	status = StatusCode.CANCELLED
	details = "Locally cancelled by application!"
	debug_error_string = "None"
>
2025-05-03 00:49:36 - INFO - Size of response: 80
2025-05-03 00:49:36 - INFO - Size of response: 80
2025-05-03 00:49:39 - INFO - Size of response: 80
2025-05-03 00:49:42 - INFO - Size of response: 80
2025-05-03 00:49:42 - ERROR - Error receiving response: <_MultiThreadedRendezvous of RPC that terminated with:
	status = StatusCode.CANCELLED
	details = "Locally cancelled by application!"
	debug_error_string = "None"
>
2025-05-03 00:49:43 - INFO - Size of response: 80
2025-05-03 00:49:43 - INFO - Size of response: 80
2025-05-03 00:49:43 - INFO - Size of response: 80
2025-05-03 00:49:44 - INFO - Size of response: 80
2025-05-03 00:49:44 - INFO - Size of response: 80
2025-05-03 00:49:44 - INFO - Size of response: 80
2025-05-03 00:49:45 - INFO - Size of response: 80
2025-05-03 00:49:45 - INFO - Size of response: 80
2025-05-03 00:49:45 - INFO - Size of response: 80
2025-05-03 00:49:45 - INFO - Size of response: 80
2025-05-03 00:49:45 - INFO - Size of response: 80
2025-05-03 00:50:13 - INFO - Checking for leader...
2025-05-03 00:50:14 - INFO - Checking for leader...
2025-05-03 00:50:18 - INFO - Leader found: 127.0.0.1:50000
2025-05-03 00:50:18 - INFO - Info came from: 127.0.0.1:50000
2025-05-03 00:50:19 - INFO - Leader found: 127.0.0.1:50000
2025-05-03 00:50:19 - INFO - Info came from: 127.0.0.1:50000
2025-05-03 00:50:22 - INFO - Size of response: 80
2025-05-03 00:50:25 - INFO - Size of response: 80
2025-05-03 00:50:26 - ERROR - Error receiving response: <_MultiThreadedRendezvous of RPC that terminated with:
	status = StatusCode.CANCELLED
	details = "Locally cancelled by application!"
	debug_error_string = "None"
>
2025-05-03 00:50:27 - INFO - Size of response: 80
2025-05-03 00:50:27 - INFO - Size of response: 80
2025-05-03 00:50:28 - INFO - Size of response: 80
2025-05-03 00:50:31 - INFO - Size of response: 80
2025-05-03 00:50:32 - ERROR - Error receiving response: <_MultiThreadedRendezvous of RPC that terminated with:
	status = StatusCode.CANCELLED
	details = "Locally cancelled by application!"
	debug_error_string = "None"
>
2025-05-03 00:50:33 - INFO - Size of response: 80
2025-05-03 00:50:33 - INFO - Size of response: 80
2025-05-03 00:50:33 - INFO - Size of response: 80
2025-05-03 00:50:34 - INFO - Size of response: 80
2025-05-03 00:50:34 - INFO - Size of response: 80
2025-05-03 00:50:34 - INFO - Size of response: 80
2025-05-03 00:50:35 - INFO - Size of response: 80
2025-05-03 00:50:35 - INFO - Size of response: 80
2025-05-03 00:50:35 - INFO - Size of response: 80
2025-05-03 00:50:35 - INFO - Size of response: 80
2025-05-03 00:50:35 - INFO - Size of response: 80
2025-05-03 00:51:12 - INFO - Size of response: 80
